<?xml version="1.0" encoding="UTF-8"?>
<!-- Generated by org.testng.reporters.JUnitXMLReporter -->
<testsuite ignored="0" hostname="Rajis-Air.attlocal.net" failures="0" tests="3"
	name="Default test" time="0.018" errors="0"
	timestamp="2024-01-30T11:27:11 EST">
	<testcase classname="loan.day4" name="LoginApicarloan" time="0.004" />
	<testcase classname="loan.day4" name="Mobilellogincarloan" time="0.001" />
	<testcase classname="loan.day4" name="Webloginvcarloan" time="0.001" />
</testsuite> <!--
Default test -->
