<?xml version="1.0" encoding="UTF-8"?>
<!-- Generated by org.testng.reporters.JUnitXMLReporter -->
<testsuite ignored="3" hostname="Rajis-Air.attlocal.net" failures="0" tests="0"
	time="0.0" errors="0" timestamp="2024-01-30T11:43:33 EST">
	<testcase classname="loan.day4" name="Webloginvcarloan" time="0.0">
		<ignored />
	</testcase> <!-- Webloginvcarloan -->
	<testcase classname="loan.day4" name="MobileLoginApicarloan" time="0.0">
		<ignored />
	</testcase> <!-- MobileLoginApicarloan -->
	<testcase classname="loan.day4" name="Mobilellogincarloan" time="0.0">
		<ignored />
	</testcase> <!-- Mobilellogincarloan -->
</testsuite>
