<?xml version="1.0" encoding="UTF-8"?>
<!-- Generated by org.testng.reporters.JUnitXMLReporter -->
<testsuite ignored="0" hostname="Rajis-Air.attlocal.net" failures="0" tests="9"
	name="personalloan" time="0.023" errors="0"
	timestamp="2024-01-30T11:45:53 EST">
	<testcase classname="loan.day1" name="Demo" time="0.004" />
	<testcase classname="loan.day1" name="SecondTest" time="0.001" />
	<testcase classname="loan.day3" name="LoginApihomeloan" time="0.0" />
	<testcase classname="loan.day3" name="Mobileloginhomeloan" time="0.0" />
	<testcase classname="loan.day3" name="Webloginhomeloan" time="0.0" />
	<testcase classname="loan.day2" name="plan" time="0.0" />
	<testcase classname="loan.day4" name="MobileLoginApicarloan" time="0.0" />
	<testcase classname="loan.day4" name="Mobilellogincarloan" time="0.0" />
	<testcase classname="loan.day4" name="Webloginvcarloan" time="0.001" />
</testsuite> <!--
personalloan -->
